# JRE version: OpenJDK Runtime Environment (17.0.14+7) (build 17.0.14+7-Debian-1deb12u1)
# Java VM: OpenJDK 64-Bit Server VM (17.0.14+7-Debian-1deb12u1, mixed mode, sharing, tiered, compressed oops, compressed class ptrs, serial gc, linux-aarch64)
GC Precious Log:
 CPUs: 4 total, 4 available
 Memory: 907M
 Large Page Support: Disabled
 NUMA Support: Disabled
 Compressed Oops: Enabled (32-bit)
 Heap Min Capacity: 8M
 Heap Initial Capacity: 16M
 Heap Max Capacity: 228M
 Pre-touch: Disabled
Heap:
 def new generation   total 52544K, used 2104K [0x00000000f1c00000, 0x00000000f5500000, 0x00000000f6800000)
  eden space 46720K,   4% used [0x00000000f1c00000, 0x00000000f1e0e200, 0x00000000f49a0000)
  from space 5824K,   0% used [0x00000000f49a0000, 0x00000000f49a0000, 0x00000000f4f50000)
  to   space 5824K,   0% used [0x00000000f4f50000, 0x00000000f4f50000, 0x00000000f5500000)
 tenured generation   total 116684K, used 70009K [0x00000000f6800000, 0x00000000fd9f3000, 0x0000000100000000)
   the space 116684K,  59% used [0x00000000f6800000, 0x00000000fac5e6f8, 0x00000000fac5e800, 0x00000000fd9f3000)
 Metaspace       used 29068K, committed 29440K, reserved 1114112K
  class space    used 3779K, committed 3968K, reserved 1048576K
GC Heap History (20 events):
Event: 30.597 GC heap before
{Heap before GC invocations=26 (full 2):
 def new generation   total 16192K, used 16185K [0x00000000f1c00000, 0x00000000f2d90000, 0x00000000f6800000)
  eden space 14400K,  99% used [0x00000000f1c00000, 0x00000000f2a0e5b0, 0x00000000f2a10000)
  from space 1792K,  99% used [0x00000000f2bd0000, 0x00000000f2d8fff8, 0x00000000f2d90000)
  to   space 1792K,   0% used [0x00000000f2a10000, 0x00000000f2a10000, 0x00000000f2bd0000)
 tenured generation   total 35852K, used 29445K [0x00000000f6800000, 0x00000000f8b03000, 0x0000000100000000)
   the space 35852K,  82% used [0x00000000f6800000, 0x00000000f84c1490, 0x00000000f84c1600, 0x00000000f8b03000)
 Metaspace       used 27019K, committed 27392K, reserved 1114112K
  class space    used 3731K, committed 3904K, reserved 1048576K
}
Event: 30.629 GC heap after
{Heap after GC invocations=27 (full 2):
 def new generation   total 16192K, used 1792K [0x00000000f1c00000, 0x00000000f2d90000, 0x00000000f6800000)
  eden space 14400K,   0% used [0x00000000f1c00000, 0x00000000f1c00000, 0x00000000f2a10000)
  from space 1792K, 100% used [0x00000000f2a10000, 0x00000000f2bd0000, 0x00000000f2bd0000)
  to   space 1792K,   0% used [0x00000000f2bd0000, 0x00000000f2bd0000, 0x00000000f2d90000)
 tenured generation   total 35852K, used 33308K [0x00000000f6800000, 0x00000000f8b03000, 0x0000000100000000)
   the space 35852K,  92% used [0x00000000f6800000, 0x00000000f8887188, 0x00000000f8887200, 0x00000000f8b03000)
 Metaspace       used 27019K, committed 27392K, reserved 1114112K
  class space    used 3731K, committed 3904K, reserved 1048576K
}
Event: 32.412 GC heap before
{Heap before GC invocations=27 (full 2):
 def new generation   total 16192K, used 16192K [0x00000000f1c00000, 0x00000000f2d90000, 0x00000000f6800000)
  eden space 14400K, 100% used [0x00000000f1c00000, 0x00000000f2a10000, 0x00000000f2a10000)
  from space 1792K, 100% used [0x00000000f2a10000, 0x00000000f2bd0000, 0x00000000f2bd0000)
  to   space 1792K,   0% used [0x00000000f2bd0000, 0x00000000f2bd0000, 0x00000000f2d90000)
 tenured generation   total 35852K, used 33310K [0x00000000f6800000, 0x00000000f8b03000, 0x0000000100000000)
   the space 35852K,  92% used [0x00000000f6800000, 0x00000000f88879d0, 0x00000000f8887a00, 0x00000000f8b03000)
 Metaspace       used 27451K, committed 27840K, reserved 1114112K
  class space    used 3763K, committed 3968K, reserved 1048576K
}
Event: 32.461 GC heap after
{Heap after GC invocations=28 (full 2):
 def new generation   total 16192K, used 1791K [0x00000000f1c00000, 0x00000000f2d90000, 0x00000000f6800000)
  eden space 14400K,   0% used [0x00000000f1c00000, 0x00000000f1c00000, 0x00000000f2a10000)
  from space 1792K,  99% used [0x00000000f2bd0000, 0x00000000f2d8fff8, 0x00000000f2d90000)
  to   space 1792K,   0% used [0x00000000f2a10000, 0x00000000f2a10000, 0x00000000f2bd0000)
 tenured generation   total 41420K, used 41246K [0x00000000f6800000, 0x00000000f9073000, 0x0000000100000000)
   the space 41420K,  99% used [0x00000000f6800000, 0x00000000f9047810, 0x00000000f9047a00, 0x00000000f9073000)
 Metaspace       used 27451K, committed 27840K, reserved 1114112K
  class space    used 3763K, committed 3968K, reserved 1048576K
}
Event: 45.694 GC heap before
{Heap before GC invocations=28 (full 2):
 def new generation   total 16192K, used 16191K [0x00000000f1c00000, 0x00000000f2d90000, 0x00000000f6800000)
  eden space 14400K, 100% used [0x00000000f1c00000, 0x00000000f2a10000, 0x00000000f2a10000)
  from space 1792K,  99% used [0x00000000f2bd0000, 0x00000000f2d8fff8, 0x00000000f2d90000)
  to   space 1792K,   0% used [0x00000000f2a10000, 0x00000000f2a10000, 0x00000000f2bd0000)
 tenured generation   total 41420K, used 41246K [0x00000000f6800000, 0x00000000f9073000, 0x0000000100000000)
   the space 41420K,  99% used [0x00000000f6800000, 0x00000000f9047810, 0x00000000f9047a00, 0x00000000f9073000)
 Metaspace       used 27952K, committed 28352K, reserved 1114112K
  class space    used 3764K, committed 3968K, reserved 1048576K
}
Event: 45.720 GC heap after
{Heap after GC invocations=29 (full 2):
 def new generation   total 16192K, used 1789K [0x00000000f1c00000, 0x00000000f2d90000, 0x00000000f6800000)
  eden space 14400K,   0% used [0x00000000f1c00000, 0x00000000f1c00000, 0x00000000f2a10000)
  from space 1792K,  99% used [0x00000000f2a10000, 0x00000000f2bcf448, 0x00000000f2bd0000)
  to   space 1792K,   0% used [0x00000000f2bd0000, 0x00000000f2bd0000, 0x00000000f2d90000)
 tenured generation   total 47944K, used 47816K [0x00000000f6800000, 0x00000000f96d2000, 0x0000000100000000)
   the space 47944K,  99% used [0x00000000f6800000, 0x00000000f96b2370, 0x00000000f96b2400, 0x00000000f96d2000)
 Metaspace       used 27952K, committed 28352K, reserved 1114112K
  class space    used 3764K, committed 3968K, reserved 1048576K
}
Event: 45.720 GC heap before
{Heap before GC invocations=29 (full 2):
 def new generation   total 16192K, used 1789K [0x00000000f1c00000, 0x00000000f2d90000, 0x00000000f6800000)
  eden space 14400K,   0% used [0x00000000f1c00000, 0x00000000f1c00000, 0x00000000f2a10000)
  from space 1792K,  99% used [0x00000000f2a10000, 0x00000000f2bcf448, 0x00000000f2bd0000)
  to   space 1792K,   0% used [0x00000000f2bd0000, 0x00000000f2bd0000, 0x00000000f2d90000)
 tenured generation   total 47944K, used 47816K [0x00000000f6800000, 0x00000000f96d2000, 0x0000000100000000)
   the space 47944K,  99% used [0x00000000f6800000, 0x00000000f96b2370, 0x00000000f96b2400, 0x00000000f96d2000)
 Metaspace       used 27952K, committed 28352K, reserved 1114112K
  class space    used 3764K, committed 3968K, reserved 1048576K
}
Event: 46.494 GC heap after
{Heap after GC invocations=29 (full 3):
 def new generation   total 36032K, used 1676K [0x00000000f1c00000, 0x00000000f4310000, 0x00000000f6800000)
  eden space 32064K,   5% used [0x00000000f1c00000, 0x00000000f1da32c8, 0x00000000f3b50000)
  from space 3968K,   0% used [0x00000000f3b50000, 0x00000000f3b50000, 0x00000000f3f30000)
  to   space 3968K,   0% used [0x00000000f3f30000, 0x00000000f3f30000, 0x00000000f4310000)
 tenured generation   total 79880K, used 47927K [0x00000000f6800000, 0x00000000fb602000, 0x0000000100000000)
   the space 79880K,  59% used [0x00000000f6800000, 0x00000000f96cdda8, 0x00000000f96cde00, 0x00000000fb602000)
 Metaspace       used 27950K, committed 28352K, reserved 1114112K
  class space    used 3763K, committed 3968K, reserved 1048576K
}
Event: 78.304 GC heap before
{Heap before GC invocations=29 (full 3):
 def new generation   total 36032K, used 32065K [0x00000000f1c00000, 0x00000000f4310000, 0x00000000f6800000)
  eden space 32064K, 100% used [0x00000000f1c00000, 0x00000000f3b50000, 0x00000000f3b50000)
  from space 3968K,   0% used [0x00000000f3b50000, 0x00000000f3b506e0, 0x00000000f3f30000)
  to   space 3968K,   0% used [0x00000000f3f30000, 0x00000000f3f30000, 0x00000000f4310000)
 tenured generation   total 79880K, used 47927K [0x00000000f6800000, 0x00000000fb602000, 0x0000000100000000)
   the space 79880K,  59% used [0x00000000f6800000, 0x00000000f96cdda8, 0x00000000f96cde00, 0x00000000fb602000)
 Metaspace       used 28431K, committed 28800K, reserved 1114112K
  class space    used 3775K, committed 3968K, reserved 1048576K
}
Event: 78.379 GC heap after
{Heap after GC invocations=30 (full 3):
 def new generation   total 36032K, used 3270K [0x00000000f1c00000, 0x00000000f4310000, 0x00000000f6800000)
  eden space 32064K,   0% used [0x00000000f1c00000, 0x00000000f1c00000, 0x00000000f3b50000)
  from space 3968K,  82% used [0x00000000f3f30000, 0x00000000f4261808, 0x00000000f4310000)
  to   space 3968K,   0% used [0x00000000f3b50000, 0x00000000f3b50000, 0x00000000f3f30000)
 tenured generation   total 79880K, used 63812K [0x00000000f6800000, 0x00000000fb602000, 0x0000000100000000)
   the space 79880K,  79% used [0x00000000f6800000, 0x00000000fa651188, 0x00000000fa651200, 0x00000000fb602000)
 Metaspace       used 28431K, committed 28800K, reserved 1114112K
  class space    used 3775K, committed 3968K, reserved 1048576K
}
Event: 89.320 GC heap before
{Heap before GC invocations=30 (full 3):
 def new generation   total 36032K, used 35311K [0x00000000f1c00000, 0x00000000f4310000, 0x00000000f6800000)
  eden space 32064K,  99% used [0x00000000f1c00000, 0x00000000f3b4a640, 0x00000000f3b50000)
  from space 3968K,  82% used [0x00000000f3f30000, 0x00000000f4261808, 0x00000000f4310000)
  to   space 3968K,   0% used [0x00000000f3b50000, 0x00000000f3b50000, 0x00000000f3f30000)
 tenured generation   total 79880K, used 63812K [0x00000000f6800000, 0x00000000fb602000, 0x0000000100000000)
   the space 79880K,  79% used [0x00000000f6800000, 0x00000000fa651188, 0x00000000fa651200, 0x00000000fb602000)
 Metaspace       used 28609K, committed 28992K, reserved 1114112K
  class space    used 3775K, committed 3968K, reserved 1048576K
}
Event: 89.371 GC heap after
{Heap after GC invocations=31 (full 3):
 def new generation   total 36032K, used 3873K [0x00000000f1c00000, 0x00000000f4310000, 0x00000000f6800000)
  eden space 32064K,   0% used [0x00000000f1c00000, 0x00000000f1c00000, 0x00000000f3b50000)
  from space 3968K,  97% used [0x00000000f3b50000, 0x00000000f3f184a0, 0x00000000f3f30000)
  to   space 3968K,   0% used [0x00000000f3f30000, 0x00000000f3f30000, 0x00000000f4310000)
 tenured generation   total 79880K, used 75334K [0x00000000f6800000, 0x00000000fb602000, 0x0000000100000000)
   the space 79880K,  94% used [0x00000000f6800000, 0x00000000fb1918a8, 0x00000000fb191a00, 0x00000000fb602000)
 Metaspace       used 28609K, committed 28992K, reserved 1114112K
  class space    used 3775K, committed 3968K, reserved 1048576K
}
Event: 106.111 GC heap before
{Heap before GC invocations=31 (full 3):
 def new generation   total 36032K, used 35937K [0x00000000f1c00000, 0x00000000f4310000, 0x00000000f6800000)
  eden space 32064K, 100% used [0x00000000f1c00000, 0x00000000f3b50000, 0x00000000f3b50000)
  from space 3968K,  97% used [0x00000000f3b50000, 0x00000000f3f184c8, 0x00000000f3f30000)
  to   space 3968K,   0% used [0x00000000f3f30000, 0x00000000f3f30000, 0x00000000f4310000)
 tenured generation   total 79880K, used 75334K [0x00000000f6800000, 0x00000000fb602000, 0x0000000100000000)
   the space 79880K,  94% used [0x00000000f6800000, 0x00000000fb1918a8, 0x00000000fb191a00, 0x00000000fb602000)
 Metaspace       used 28702K, committed 29120K, reserved 1114112K
  class space    used 3775K, committed 3968K, reserved 1048576K
}
Event: 106.140 GC heap after
{Heap after GC invocations=32 (full 3):
 def new generation   total 36032K, used 1908K [0x00000000f1c00000, 0x00000000f4310000, 0x00000000f6800000)
  eden space 32064K,   0% used [0x00000000f1c00000, 0x00000000f1c00000, 0x00000000f3b50000)
  from space 3968K,  48% used [0x00000000f3f30000, 0x00000000f410d058, 0x00000000f4310000)
  to   space 3968K,   0% used [0x00000000f3b50000, 0x00000000f3b50000, 0x00000000f3f30000)
 tenured generation   total 79880K, used 78496K [0x00000000f6800000, 0x00000000fb602000, 0x0000000100000000)
   the space 79880K,  98% used [0x00000000f6800000, 0x00000000fb4a8050, 0x00000000fb4a8200, 0x00000000fb602000)
 Metaspace       used 28702K, committed 29120K, reserved 1114112K
  class space    used 3775K, committed 3968K, reserved 1048576K
}
Event: 118.761 GC heap before
{Heap before GC invocations=32 (full 3):
 def new generation   total 36032K, used 34228K [0x00000000f1c00000, 0x00000000f4310000, 0x00000000f6800000)
  eden space 32064K, 100% used [0x00000000f1c00000, 0x00000000f3b50000, 0x00000000f3b50000)
  from space 3968K,  54% used [0x00000000f3f30000, 0x00000000f414d078, 0x00000000f4310000)
  to   space 3968K,   0% used [0x00000000f3b50000, 0x00000000f3b50000, 0x00000000f3f30000)
 tenured generation   total 79880K, used 78496K [0x00000000f6800000, 0x00000000fb602000, 0x0000000100000000)
   the space 79880K,  98% used [0x00000000f6800000, 0x00000000fb4a8050, 0x00000000fb4a8200, 0x00000000fb602000)
 Metaspace       used 28898K, committed 29312K, reserved 1114112K
  class space    used 3779K, committed 3968K, reserved 1048576K
}
Event: 118.776 GC heap after
{Heap after GC invocations=33 (full 3):
 def new generation   total 36032K, used 3968K [0x00000000f1c00000, 0x00000000f4310000, 0x00000000f6800000)
  eden space 32064K,   0% used [0x00000000f1c00000, 0x00000000f1c00000, 0x00000000f3b50000)
  from space 3968K, 100% used [0x00000000f3b50000, 0x00000000f3f30000, 0x00000000f3f30000)
  to   space 3968K,   0% used [0x00000000f3f30000, 0x00000000f3f30000, 0x00000000f4310000)
 tenured generation   total 80852K, used 80691K [0x00000000f6800000, 0x00000000fb6f5000, 0x0000000100000000)
   the space 80852K,  99% used [0x00000000f6800000, 0x00000000fb6cce20, 0x00000000fb6cd000, 0x00000000fb6f5000)
 Metaspace       used 28898K, committed 29312K, reserved 1114112K
  class space    used 3779K, committed 3968K, reserved 1048576K
}
Event: 169.753 GC heap before
{Heap before GC invocations=33 (full 3):
 def new generation   total 36032K, used 36032K [0x00000000f1c00000, 0x00000000f4310000, 0x00000000f6800000)
  eden space 32064K, 100% used [0x00000000f1c00000, 0x00000000f3b50000, 0x00000000f3b50000)
  from space 3968K, 100% used [0x00000000f3b50000, 0x00000000f3f30000, 0x00000000f3f30000)
  to   space 3968K,   0% used [0x00000000f3f30000, 0x00000000f3f30000, 0x00000000f4310000)
 tenured generation   total 80852K, used 80691K [0x00000000f6800000, 0x00000000fb6f5000, 0x0000000100000000)
   the space 80852K,  99% used [0x00000000f6800000, 0x00000000fb6cce20, 0x00000000fb6cd000, 0x00000000fb6f5000)
 Metaspace       used 29025K, committed 29440K, reserved 1114112K
  class space    used 3779K, committed 3968K, reserved 1048576K
}
Event: 169.786 GC heap after
{Heap after GC invocations=34 (full 3):
 def new generation   total 36032K, used 3967K [0x00000000f1c00000, 0x00000000f4310000, 0x00000000f6800000)
  eden space 32064K,   0% used [0x00000000f1c00000, 0x00000000f1c00000, 0x00000000f3b50000)
  from space 3968K,  99% used [0x00000000f3f30000, 0x00000000f430fff8, 0x00000000f4310000)
  to   space 3968K,   0% used [0x00000000f3b50000, 0x00000000f3b50000, 0x00000000f3f30000)
 tenured generation   total 90684K, used 90561K [0x00000000f6800000, 0x00000000fc08f000, 0x0000000100000000)
   the space 90684K,  99% used [0x00000000f6800000, 0x00000000fc0706d0, 0x00000000fc070800, 0x00000000fc08f000)
 Metaspace       used 29025K, committed 29440K, reserved 1114112K
  class space    used 3779K, committed 3968K, reserved 1048576K
}
Event: 169.786 GC heap before
{Heap before GC invocations=34 (full 3):
 def new generation   total 36032K, used 3967K [0x00000000f1c00000, 0x00000000f4310000, 0x00000000f6800000)
  eden space 32064K,   0% used [0x00000000f1c00000, 0x00000000f1c00000, 0x00000000f3b50000)
  from space 3968K,  99% used [0x00000000f3f30000, 0x00000000f430fff8, 0x00000000f4310000)
  to   space 3968K,   0% used [0x00000000f3b50000, 0x00000000f3b50000, 0x00000000f3f30000)
 tenured generation   total 90684K, used 90561K [0x00000000f6800000, 0x00000000fc08f000, 0x0000000100000000)
   the space 90684K,  99% used [0x00000000f6800000, 0x00000000fc0706d0, 0x00000000fc070800, 0x00000000fc08f000)
 Metaspace       used 29025K, committed 29440K, reserved 1114112K
  class space    used 3779K, committed 3968K, reserved 1048576K
}
Event: 170.016 GC heap after
{Heap after GC invocations=34 (full 4):
 def new generation   total 52544K, used 0K [0x00000000f1c00000, 0x00000000f5500000, 0x00000000f6800000)
  eden space 46720K,   0% used [0x00000000f1c00000, 0x00000000f1c00000, 0x00000000f49a0000)
  from space 5824K,   0% used [0x00000000f49a0000, 0x00000000f49a0000, 0x00000000f4f50000)
  to   space 5824K,   0% used [0x00000000f4f50000, 0x00000000f4f50000, 0x00000000f5500000)
 tenured generation   total 116684K, used 70009K [0x00000000f6800000, 0x00000000fd9f3000, 0x0000000100000000)
   the space 116684K,  59% used [0x00000000f6800000, 0x00000000fac5e6f8, 0x00000000fac5e800, 0x00000000fd9f3000)
 Metaspace       used 29025K, committed 29440K, reserved 1114112K
  class space    used 3779K, committed 3968K, reserved 1048576K
}

